<?xml version="1.0" encoding="UTF-8"?>
<testsuite xmlns:xsi="http://www.w3.org/2001/XMLSchema-instance" xsi:noNamespaceSchemaLocation="https://maven.apache.org/surefire/maven-surefire-plugin/xsd/surefire-test-report-3.0.xsd" version="3.0" name="com.example.blureserve.BluReserveApplicationTests" time="1.708" tests="1" errors="0" skipped="0" failures="0">
  <properties>
[...]
</properties>
  <testcase name="contextLoads" classname="com.example.blureserve.BluReserveApplicationTests" time="0.865">
    <system-out><![CDATA[12:03:32.117 [main] INFO org.springframework.test.context.support.AnnotationConfigContextLoaderUtils -- Could not detect default configuration classes for test class [com.example.blureserve.BluReserveApplicationTests]: BluReserveApplicationTests does not declare any static, non-private, non-final, nested classes annotated with @Configuration.
12:03:32.152 [main] INFO org.springframework.boot.test.context.SpringBootTestContextBootstrapper -- Found @SpringBootConfiguration com.example.blureserve.BluReserveApplication for test class com.example.blureserve.BluReserveApplicationTests
12:03:32.210 [main] INFO org.springframework.boot.devtools.restart.RestartApplicationListener -- Restart disabled due to context in which it is running

  .   ____          _            __ _ _
 /\\ / ___'_ __ _ _(_)_ __  __ _ \ \ \ \
( ( )\___ | '_ | '_| | '_ \/ _` | \ \ \ \
 \\/  ___)| |_)| | | | | || (_| |  ) ) ) )
  '  |____| .__|_| |_|_| |_\__, | / / / /
 =========|_|==============|___/=/_/_/_/

 :: Spring Boot ::                (v3.3.5)

2024-11-20T12:03:32.337+05:30  INFO 99933 --- [BluReserve] [           main] c.e.b.BluReserveApplicationTests         : Starting BluReserveApplicationTests using Java 17.0.9 with PID 99933 (started by mohdahmerkhan in /Users/mohdahmerkhan/Documents/GitHub/oops-blu-reserve)
2024-11-20T12:03:32.338+05:30  INFO 99933 --- [BluReserve] [           main] c.e.b.BluReserveApplicationTests         : No active profile set, falling back to 1 default profile: "default"
2024-11-20T12:03:32.654+05:30  WARN 99933 --- [BluReserve] [           main] trationDelegate$BeanPostProcessorChecker : Bean 'org.springframework.ws.config.annotation.DelegatingWsConfiguration' of type [org.springframework.ws.config.annotation.DelegatingWsConfiguration$$SpringCGLIB$$0] is not eligible for getting processed by all BeanPostProcessors (for example: not eligible for auto-proxying). The currently created BeanPostProcessor [annotationActionEndpointMapping] is declared through a non-static factory method on that class; consider declaring it as static instead.
2024-11-20T12:03:32.665+05:30  INFO 99933 --- [BluReserve] [           main] .w.s.a.s.AnnotationActionEndpointMapping : Supporting [WS-Addressing August 2004, WS-Addressing 1.0]
2024-11-20T12:03:32.888+05:30  INFO 99933 --- [BluReserve] [           main] c.e.b.BluReserveApplicationTests         : Started BluReserveApplicationTests in 0.683 seconds (process running for 1.035)
]]></system-out>
  </testcase>
</testsuite>